{
  level: 'error',
  message: 'error',
  timestamp: '2023-07-09T15:50:42.234Z'
}
{
  level: 'error',
  message: 'error',
  timestamp: '2023-07-09T15:51:41.088Z'
}
{
  level: 'error',
  message: 'error',
  timestamp: '2023-07-09T15:52:14.664Z'
}
{
  level: 'error',
  message: 'error',
  timestamp: '2023-07-09T15:52:28.195Z'
}
{
  level: 'error',
  message: 'error',
  timestamp: '2023-07-09T15:52:34.292Z'
}
{
  level: 'error',
  message: 'error',
  timestamp: '2023-07-09T15:53:25.156Z'
}
{
  level: 'error',
  message: 'error',
  timestamp: '2023-07-09T15:55:10.056Z'
}
{
  level: 'error',
  message: 'error',
  timestamp: '2023-07-09T15:58:32.265Z'
}
{
  level: 'error',
  message: 'error',
  timestamp: '2023-07-09T15:59:34.590Z'
}
{
  level: 'error',
  message: 'error',
  timestamp: '2023-07-09T15:59:43.240Z'
}
{
  level: 'error',
  message: 'error',
  timestamp: '2023-07-09T15:59:59.250Z'
}
{
  level: 'error',
  message: 'error',
  timestamp: '2023-07-09T16:00:13.291Z'
}
{
  level: 'error',
  message: 'error',
  timestamp: '2023-07-09T16:02:09.634Z'
}
{
  level: 'error',
  message: 'error',
  timestamp: '2023-07-09T16:02:16.806Z'
}
{
  level: 'error',
  message: 'error',
  timestamp: '2023-07-09T16:04:17.725Z'
}
{
  level: 'error',
  message: 'error',
  timestamp: '2023-07-09T16:04:28.490Z'
}
{
  level: 'error',
  message: 'error',
  timestamp: '2023-07-09T16:04:35.407Z'
}
{
  level: 'error',
  message: 'error',
  timestamp: '2023-07-09T16:04:47.197Z'
}
{
  level: 'error',
  message: 'error',
  timestamp: '2023-07-09T16:06:02.061Z'
}
{
  level: 'error',
  message: 'error',
  timestamp: '2023-07-09T16:06:32.860Z'
}
{
  level: 'error',
  message: 'error',
  timestamp: '2023-07-09T16:06:39.601Z'
}
{
  level: 'error',
  message: 'error',
  timestamp: '2023-07-09T16:06:51.281Z'
}
{
  level: 'error',
  message: 'error',
  timestamp: '2023-07-09T16:06:57.014Z'
}
{
  level: 'error',
  message: 'error',
  timestamp: '2023-07-09T16:07:19.720Z'
}
{
  level: 'error',
  message: 'error',
  timestamp: '2023-07-09T16:07:46.906Z'
}
{
  level: 'error',
  message: 'error',
  timestamp: '2023-07-09T16:08:06.275Z'
}
{
  level: 'error',
  message: 'error',
  timestamp: '2023-07-09T16:08:26.721Z'
}
{
  level: 'error',
  message: 'error',
  timestamp: '2023-07-09T16:08:55.358Z'
}
{
  level: 'error',
  message: 'error',
  timestamp: '2023-07-09T16:09:43.071Z'
}
{
  level: 'error',
  message: 'error',
  timestamp: '2023-07-09T16:09:53.386Z'
}
{
  level: 'error',
  message: 'error',
  timestamp: '2023-07-09T16:10:24.788Z'
}
{
  level: 'error',
  message: 'error',
  timestamp: '2023-07-09T16:12:04.013Z'
}
{
  level: 'error',
  message: 'error',
  timestamp: '2023-07-09T16:12:14.494Z'
}
{
  level: 'error',
  message: 'error',
  timestamp: '2023-07-09T16:12:45.905Z'
}
{
  level: 'error',
  message: 'error',
  timestamp: '2023-07-09T16:13:37.057Z'
}
{
  level: 'error',
  message: 'error',
  timestamp: '2023-07-09T16:14:47.877Z'
}
{
  level: 'error',
  message: 'error',
  timestamp: '2023-07-09T16:14:52.006Z'
}
{
  level: 'error',
  message: 'error',
  timestamp: '2023-07-09T16:15:08.384Z'
}
{
  level: 'error',
  message: 'error',
  timestamp: '2023-07-09T16:16:39.570Z'
}
{
  level: 'error',
  message: 'error',
  timestamp: '2023-07-09T16:17:22.241Z'
}
{
  level: 'error',
  message: 'error',
  timestamp: '2023-07-09T16:18:26.636Z'
}
{
  level: 'error',
  message: 'error',
  timestamp: '2023-07-09T16:18:57.993Z'
}
{
  level: 'error',
  message: 'error',
  timestamp: '2023-07-09T16:19:52.724Z'
}
{
  level: 'error',
  message: 'error',
  timestamp: '2023-07-09T16:20:29.691Z'
}
{
  level: 'error',
  message: 'error',
  timestamp: '2023-07-09T16:20:43.068Z'
}
{
  level: 'error',
  message: 'error',
  timestamp: '2023-07-09T16:21:33.599Z'
}
{
  level: 'error',
  message: 'error',
  timestamp: '2023-07-09T16:22:15.519Z'
}
{
  level: 'error',
  message: 'error',
  timestamp: '2023-07-09T16:22:37.988Z'
}
{
  level: 'error',
  message: 'error',
  timestamp: '2023-07-09T16:22:49.134Z'
}
{
  level: 'error',
  message: 'error',
  timestamp: '2023-07-09T16:23:01.959Z'
}
{
  level: 'error',
  message: 'error',
  timestamp: '2023-07-09T16:23:11.013Z'
}
{
  level: 'error',
  message: 'error',
  timestamp: '2023-07-09T16:23:46.504Z'
}
{
  level: 'error',
  message: 'error',
  timestamp: '2023-07-09T16:26:29.464Z'
}
{
  level: 'error',
  message: 'error',
  timestamp: '2023-07-09T16:26:45.604Z'
}
{
  level: 'error',
  message: 'error',
  timestamp: '2023-07-09T16:27:03.598Z'
}
{
  level: 'error',
  message: 'error',
  timestamp: '2023-07-09T16:27:14.660Z'
}
{
  level: 'error',
  message: 'error',
  timestamp: '2023-07-09T16:27:33.656Z'
}
{
  level: 'error',
  message: 'error',
  timestamp: '2023-07-09T16:27:52.349Z'
}
{
  level: 'error',
  message: 'error',
  timestamp: '2023-07-09T16:28:10.653Z'
}
{
  level: 'error',
  message: 'error',
  timestamp: '2023-07-09T16:28:33.629Z'
}
{
  level: 'error',
  message: 'error',
  timestamp: '2023-07-09T16:28:49.089Z'
}
{
  level: 'error',
  message: 'error',
  timestamp: '2023-07-09T16:28:58.435Z'
}
{
  level: 'error',
  message: 'error',
  timestamp: '2023-07-09T16:29:16.222Z'
}
{
  level: 'error',
  message: 'error',
  timestamp: '2023-07-09T16:29:31.096Z'
}
{
  level: 'error',
  message: 'error',
  timestamp: '2023-07-09T16:31:19.050Z'
}
{
  level: 'error',
  message: 'error',
  timestamp: '2023-07-09T16:31:34.484Z'
}
{
  level: 'error',
  message: 'error',
  timestamp: '2023-07-09T16:33:01.175Z'
}
{
  level: 'error',
  message: 'error',
  timestamp: '2023-07-09T16:33:50.699Z'
}
{
  level: 'error',
  message: 'error',
  timestamp: '2023-07-09T16:34:56.068Z'
}
{
  level: 'error',
  message: 'error',
  timestamp: '2023-07-09T16:35:37.832Z'
}
{
  level: 'error',
  message: 'error',
  timestamp: '2023-07-09T16:35:41.615Z'
}
{
  level: 'error',
  message: 'error',
  timestamp: '2023-07-09T16:36:03.253Z'
}
{
  level: 'error',
  message: 'error',
  timestamp: '2023-07-09T16:37:29.178Z'
}
{
  level: 'error',
  message: 'error',
  timestamp: '2023-07-09T16:38:36.708Z'
}
{
  level: 'error',
  message: 'error',
  timestamp: '2023-07-09T16:39:59.161Z'
}
{
  level: 'error',
  message: 'error',
  timestamp: '2023-07-09T16:40:15.096Z'
}
{
  level: 'error',
  message: 'error',
  timestamp: '2023-07-09T16:40:31.480Z'
}
{
  level: 'error',
  message: 'error',
  timestamp: '2023-07-09T16:40:49.880Z'
}
{
  level: 'error',
  message: 'error',
  timestamp: '2023-07-09T16:43:25.886Z'
}
{
  level: 'error',
  message: 'error',
  timestamp: '2023-07-09T16:43:45.102Z'
}
{
  level: 'error',
  message: 'error',
  timestamp: '2023-07-09T16:43:57.753Z'
}
{
  level: 'error',
  message: 'error',
  timestamp: '2023-07-09T16:44:50.735Z'
}
{
  level: 'error',
  message: 'error',
  timestamp: '2023-07-09T16:45:17.764Z'
}
{
  level: 'error',
  message: 'error',
  timestamp: '2023-07-09T16:46:36.929Z'
}
{
  level: 'error',
  message: 'error',
  timestamp: '2023-07-09T16:47:20.816Z'
}
{
  level: 'error',
  message: 'error',
  timestamp: '2023-07-09T16:47:35.511Z'
}
{
  level: 'error',
  message: 'error',
  timestamp: '2023-07-09T16:47:44.689Z'
}
{
  level: 'error',
  message: 'error',
  timestamp: '2023-07-09T16:48:03.045Z'
}
{
  level: 'error',
  message: 'error',
  timestamp: '2023-07-09T16:48:44.919Z'
}
{
  level: 'error',
  message: 'error',
  timestamp: '2023-07-09T16:49:18.337Z'
}
{
  level: 'error',
  message: 'error',
  timestamp: '2023-07-09T16:49:25.564Z'
}
{
  level: 'error',
  message: 'error',
  timestamp: '2023-07-09T16:49:32.308Z'
}
{
  level: 'error',
  message: 'error',
  timestamp: '2023-07-09T16:50:28.593Z'
}
{
  level: 'error',
  message: 'error',
  timestamp: '2023-07-09T16:50:45.089Z'
}
{
  level: 'error',
  message: 'error',
  timestamp: '2023-07-09T16:50:52.520Z'
}
{
  level: 'error',
  message: 'error',
  timestamp: '2023-07-09T16:52:24.395Z'
}
{
  level: 'error',
  message: 'error',
  timestamp: '2023-07-09T16:53:23.764Z'
}
{
  level: 'error',
  message: 'error',
  timestamp: '2023-07-09T16:54:55.354Z'
}
{
  level: 'error',
  message: 'error',
  timestamp: '2023-07-09T16:57:01.882Z'
}
{
  level: 'error',
  message: 'error',
  timestamp: '2023-07-09T16:57:39.992Z'
}
{
  level: 'error',
  message: 'error',
  timestamp: '2023-07-09T16:57:55.606Z'
}
{
  level: 'error',
  message: 'error',
  timestamp: '2023-07-09T16:58:28.752Z'
}
{
  level: 'error',
  message: 'error',
  timestamp: '2023-07-09T16:58:43.582Z'
}
{
  level: 'error',
  message: 'error',
  timestamp: '2023-07-09T16:58:54.604Z'
}
{
  level: 'error',
  message: 'error',
  timestamp: '2023-07-09T16:59:03.602Z'
}
{
  level: 'error',
  message: 'error',
  timestamp: '2023-07-09T16:59:13.104Z'
}
{
  level: 'error',
  message: 'error',
  timestamp: '2023-07-09T17:00:40.477Z'
}
{
  level: 'error',
  message: 'error',
  timestamp: '2023-07-09T17:00:54.551Z'
}
{
  level: 'error',
  message: 'error',
  timestamp: '2023-07-09T17:04:00.474Z'
}
{
  level: 'error',
  message: 'error',
  timestamp: '2023-07-09T17:04:28.161Z'
}
{
  level: 'error',
  message: 'error',
  timestamp: '2023-07-09T17:04:41.754Z'
}
{
  level: 'error',
  message: 'error',
  timestamp: '2023-07-09T17:05:45.290Z'
}
{
  level: 'error',
  message: 'error',
  timestamp: '2023-07-09T17:07:35.668Z'
}
{
  level: 'error',
  message: 'error',
  timestamp: '2023-07-09T17:09:43.885Z'
}
{
  level: 'error',
  message: 'error',
  timestamp: '2023-07-09T17:11:00.796Z'
}
{
  level: 'error',
  message: 'error',
  timestamp: '2023-07-09T17:11:17.318Z'
}
{
  level: 'error',
  message: 'error',
  timestamp: '2023-07-09T17:11:25.840Z'
}
{
  level: 'error',
  message: 'error',
  timestamp: '2023-07-09T17:11:47.108Z'
}
{
  level: 'error',
  message: 'error',
  timestamp: '2023-07-09T17:12:33.990Z'
}
{
  level: 'error',
  message: 'error',
  timestamp: '2023-07-09T17:12:50.957Z'
}
{
  level: 'error',
  message: 'error',
  timestamp: '2023-07-09T17:12:55.157Z'
}
{
  level: 'error',
  message: 'error',
  timestamp: '2023-07-09T17:13:28.779Z'
}
{
  message: 'MongoDB connection error. Please make sure MongoDB is running. Error: querySrv ETIMEOUT _mongodb._tcp.test.ct3433r.mongodb.net',
  level: 'error',
  timestamp: '2023-07-09T17:14:47.069Z'
}
{
  level: 'error',
  message: 'error',
  timestamp: '2023-07-09T17:17:52.665Z'
}
{
  level: 'error',
  message: 'error',
  timestamp: '2023-07-09T17:18:12.735Z'
}
{
  level: 'error',
  message: 'error',
  timestamp: '2023-07-09T17:18:39.697Z'
}
{
  level: 'error',
  message: 'error',
  timestamp: '2023-07-09T17:19:03.052Z'
}
{
  level: 'error',
  message: 'error',
  timestamp: '2023-07-09T17:19:42.560Z'
}
{
  level: 'error',
  message: 'error',
  timestamp: '2023-07-09T17:21:39.056Z'
}
{
  level: 'error',
  message: 'error',
  timestamp: '2023-07-09T17:21:54.221Z'
}
{
  level: 'error',
  message: 'error',
  timestamp: '2023-07-09T17:22:05.094Z'
}
{
  level: 'error',
  message: 'error',
  timestamp: '2023-07-09T18:02:22.635Z'
}
{
  level: 'error',
  message: 'error',
  timestamp: '2023-07-09T18:03:17.490Z'
}
{
  level: 'error',
  message: 'error',
  timestamp: '2023-07-09T18:03:28.253Z'
}
{
  level: 'error',
  message: 'error',
  timestamp: '2023-07-09T18:04:29.740Z'
}
{
  level: 'error',
  message: 'error',
  timestamp: '2023-07-09T18:05:04.578Z'
}
{
  level: 'error',
  message: 'error',
  timestamp: '2023-07-09T18:06:53.927Z'
}
{
  level: 'error',
  message: 'error',
  timestamp: '2023-07-09T18:07:41.406Z'
}
{
  level: 'error',
  message: 'error',
  timestamp: '2023-07-09T18:10:05.762Z'
}
{
  level: 'error',
  message: 'error',
  timestamp: '2023-07-09T18:11:07.772Z'
}
{
  level: 'error',
  message: 'error',
  timestamp: '2023-07-09T18:12:32.743Z'
}
{
  level: 'error',
  message: 'error',
  timestamp: '2023-07-09T18:12:58.916Z'
}
{
  level: 'error',
  message: 'error',
  timestamp: '2023-07-09T18:13:31.536Z'
}
{
  level: 'error',
  message: 'error',
  timestamp: '2023-07-09T18:13:58.866Z'
}
{
  level: 'error',
  message: 'error',
  timestamp: '2023-07-09T18:15:02.850Z'
}
{
  level: 'error',
  message: 'error',
  timestamp: '2023-07-09T18:15:53.945Z'
}
{
  level: 'error',
  message: 'error',
  timestamp: '2023-07-09T18:16:30.282Z'
}
{
  message: 'MongoDB connection error. Please make sure MongoDB is running. Error: querySrv ECONNREFUSED _mongodb._tcp.test.ct3433r.mongodb.net',
  level: 'error',
  timestamp: '2023-07-09T18:16:34.617Z'
}
{
  level: 'error',
  message: 'error',
  timestamp: '2023-07-09T18:19:05.440Z'
}
{
  level: 'error',
  message: 'error',
  timestamp: '2023-07-09T18:20:29.180Z'
}
{
  message: 'MongoDB connection error. Please make sure MongoDB is running. Error: querySrv ECONNREFUSED _mongodb._tcp.test.ct3433r.mongodb.net',
  level: 'error',
  timestamp: '2023-07-09T18:20:33.615Z'
}
{
  level: 'error',
  message: 'error',
  timestamp: '2023-07-09T18:21:11.523Z'
}
{
  level: 'error',
  message: 'error',
  timestamp: '2023-07-09T18:22:18.269Z'
}
{
  message: 'MongoDB connection error. Please make sure MongoDB is running. Error: querySrv ECONNREFUSED _mongodb._tcp.test.ct3433r.mongodb.net',
  level: 'error',
  timestamp: '2023-07-09T18:22:23.798Z'
}
{
  level: 'error',
  message: 'error',
  timestamp: '2023-07-09T18:22:29.343Z'
}
{
  level: 'error',
  message: 'error',
  timestamp: '2023-07-09T18:22:47.045Z'
}
{
  message: 'MongoDB connection error. Please make sure MongoDB is running. Error: querySrv ECONNREFUSED _mongodb._tcp.test.ct3433r.mongodb.net',
  level: 'error',
  timestamp: '2023-07-09T18:22:54.990Z'
}
{
  level: 'error',
  message: 'error',
  timestamp: '2023-07-09T18:23:24.168Z'
}
{
  message: 'MongoDB connection error. Please make sure MongoDB is running. Error: querySrv ECONNREFUSED _mongodb._tcp.test.ct3433r.mongodb.net',
  level: 'error',
  timestamp: '2023-07-09T18:23:29.667Z'
}
{
  level: 'error',
  message: 'error',
  timestamp: '2023-07-09T18:23:43.011Z'
}
{
  message: 'MongoDB connection error. Please make sure MongoDB is running. Error: querySrv ECONNREFUSED _mongodb._tcp.test.ct3433r.mongodb.net',
  level: 'error',
  timestamp: '2023-07-09T18:23:45.911Z'
}
{
  level: 'error',
  message: 'error',
  timestamp: '2023-07-09T18:26:53.527Z'
}
{
  level: 'error',
  message: 'error',
  timestamp: '2023-07-09T18:28:43.889Z'
}
{
  message: 'MongoDB connection error. Please make sure MongoDB is running. Error: querySrv ECONNREFUSED _mongodb._tcp.test.ct3433r.mongodb.net',
  level: 'error',
  timestamp: '2023-07-09T18:28:48.291Z'
}
{
  level: 'error',
  message: 'error',
  timestamp: '2023-07-09T18:29:35.475Z'
}
{
  message: 'MongoDB connection error. Please make sure MongoDB is running. Error: querySrv ECONNREFUSED _mongodb._tcp.test.ct3433r.mongodb.net',
  level: 'error',
  timestamp: '2023-07-09T18:29:37.584Z'
}
{
  level: 'error',
  message: 'error',
  timestamp: '2023-07-09T18:30:37.872Z'
}
{
  message: 'MongoDB connection error. Please make sure MongoDB is running. Error: querySrv ECONNREFUSED _mongodb._tcp.test.ct3433r.mongodb.net',
  level: 'error',
  timestamp: '2023-07-09T18:30:40.565Z'
}
{
  level: 'error',
  message: 'error',
  timestamp: '2023-07-09T18:32:14.022Z'
}
{
  message: 'MongoDB connection error. Please make sure MongoDB is running. Error: querySrv ECONNREFUSED _mongodb._tcp.test.ct3433r.mongodb.net',
  level: 'error',
  timestamp: '2023-07-09T18:32:16.869Z'
}
{
  level: 'error',
  message: 'error',
  timestamp: '2023-07-09T18:33:58.458Z'
}
{
  level: 'error',
  message: 'error',
  timestamp: '2023-07-09T18:34:35.378Z'
}
{
  level: 'error',
  message: 'error',
  timestamp: '2023-07-09T18:42:15.702Z'
}
{
  level: 'error',
  message: 'error',
  timestamp: '2023-07-09T18:44:24.586Z'
}
{
  level: 'error',
  message: 'error',
  timestamp: '2023-07-09T18:48:03.355Z'
}
{
  message: 'MongoDB connection error. Please make sure MongoDB is running. Error: querySrv ECONNREFUSED _mongodb._tcp.test.ct3433r.mongodb.net',
  level: 'error',
  timestamp: '2023-07-09T18:48:08.130Z'
}
{
  level: 'error',
  message: 'error',
  timestamp: '2023-07-09T18:48:13.085Z'
}
{
  level: 'error',
  message: 'error',
  timestamp: '2023-07-09T18:55:46.159Z'
}
{
  level: 'error',
  message: 'error',
  timestamp: '2023-07-09T18:56:07.820Z'
}
{
  level: 'error',
  message: 'error',
  timestamp: '2023-07-09T18:57:50.600Z'
}
{
  message: 'MongoDB connection error. Please make sure MongoDB is running. Error: querySrv ECONNREFUSED _mongodb._tcp.test.ct3433r.mongodb.net',
  level: 'error',
  timestamp: '2023-07-09T18:57:52.678Z'
}
{
  level: 'error',
  message: 'error',
  timestamp: '2023-07-09T18:59:18.503Z'
}
{
  level: 'error',
  message: 'error',
  timestamp: '2023-07-09T19:00:27.323Z'
}
{
  level: 'error',
  message: 'error',
  timestamp: '2023-07-09T19:03:47.981Z'
}
{
  message: 'MongoDB connection error. Please make sure MongoDB is running. Error: querySrv ECONNREFUSED _mongodb._tcp.test.ct3433r.mongodb.net',
  level: 'error',
  timestamp: '2023-07-09T19:03:50.370Z'
}
{
  level: 'error',
  message: 'error',
  timestamp: '2023-07-09T19:04:05.658Z'
}
{
  level: 'error',
  message: 'error',
  timestamp: '2023-07-09T19:04:38.004Z'
}
{
  message: 'MongoDB connection error. Please make sure MongoDB is running. Error: querySrv ECONNREFUSED _mongodb._tcp.test.ct3433r.mongodb.net',
  level: 'error',
  timestamp: '2023-07-09T19:04:40.810Z'
}
{
  level: 'error',
  message: 'error',
  timestamp: '2023-07-09T19:05:16.848Z'
}
{
  message: 'MongoDB connection error. Please make sure MongoDB is running. Error: querySrv ECONNREFUSED _mongodb._tcp.test.ct3433r.mongodb.net',
  level: 'error',
  timestamp: '2023-07-09T19:05:20.544Z'
}
{
  level: 'error',
  message: 'error',
  timestamp: '2023-07-09T19:06:16.316Z'
}
{
  message: 'MongoDB connection error. Please make sure MongoDB is running. Error: querySrv ECONNREFUSED _mongodb._tcp.test.ct3433r.mongodb.net',
  level: 'error',
  timestamp: '2023-07-09T19:06:20.495Z'
}
{
  level: 'error',
  message: 'error',
  timestamp: '2023-07-09T19:16:33.583Z'
}
{
  message: 'MongoDB connection error. Please make sure MongoDB is running. Error: querySrv ECONNREFUSED _mongodb._tcp.test.ct3433r.mongodb.net',
  level: 'error',
  timestamp: '2023-07-09T19:16:36.596Z'
}
{
  level: 'error',
  message: 'error',
  timestamp: '2023-07-09T19:19:08.581Z'
}
{
  message: 'MongoDB connection error. Please make sure MongoDB is running. Error: querySrv ECONNREFUSED _mongodb._tcp.test.ct3433r.mongodb.net',
  level: 'error',
  timestamp: '2023-07-09T19:19:11.971Z'
}
{
  level: 'error',
  message: 'error',
  timestamp: '2023-07-09T19:20:12.179Z'
}
{
  message: 'MongoDB connection error. Please make sure MongoDB is running. Error: querySrv ECONNREFUSED _mongodb._tcp.test.ct3433r.mongodb.net',
  level: 'error',
  timestamp: '2023-07-09T19:20:17.246Z'
}
{
  level: 'error',
  message: 'error',
  timestamp: '2023-07-09T19:20:52.036Z'
}
{
  message: 'MongoDB connection error. Please make sure MongoDB is running. Error: querySrv ECONNREFUSED _mongodb._tcp.test.ct3433r.mongodb.net',
  level: 'error',
  timestamp: '2023-07-09T19:20:55.219Z'
}
{
  level: 'error',
  message: 'error',
  timestamp: '2023-07-09T19:21:19.337Z'
}
{
  message: 'MongoDB connection error. Please make sure MongoDB is running. Error: querySrv ECONNREFUSED _mongodb._tcp.test.ct3433r.mongodb.net',
  level: 'error',
  timestamp: '2023-07-09T19:21:22.823Z'
}
{
  level: 'error',
  message: 'error',
  timestamp: '2023-07-09T19:22:17.882Z'
}
{
  message: 'MongoDB connection error. Please make sure MongoDB is running. Error: querySrv ECONNREFUSED _mongodb._tcp.test.ct3433r.mongodb.net',
  level: 'error',
  timestamp: '2023-07-09T19:22:22.784Z'
}
{
  level: 'error',
  message: 'error',
  timestamp: '2023-07-09T19:22:57.288Z'
}
{
  message: 'MongoDB connection error. Please make sure MongoDB is running. Error: querySrv ECONNREFUSED _mongodb._tcp.test.ct3433r.mongodb.net',
  level: 'error',
  timestamp: '2023-07-09T19:22:59.682Z'
}
{
  level: 'error',
  message: 'error',
  timestamp: '2023-07-09T19:23:21.121Z'
}
{
  level: 'error',
  message: 'error',
  timestamp: '2023-07-09T19:23:49.039Z'
}
{
  level: 'error',
  message: 'error',
  timestamp: '2023-07-09T19:24:11.475Z'
}
{
  message: 'MongoDB connection error. Please make sure MongoDB is running. Error: querySrv ECONNREFUSED _mongodb._tcp.test.ct3433r.mongodb.net',
  level: 'error',
  timestamp: '2023-07-09T19:24:14.476Z'
}
{
  level: 'error',
  message: 'error',
  timestamp: '2023-07-09T19:26:34.546Z'
}
{
  level: 'error',
  message: 'error',
  timestamp: '2023-07-09T19:30:21.744Z'
}
{
  level: 'error',
  message: 'error',
  timestamp: '2023-07-09T19:30:50.194Z'
}
{
  message: 'MongoDB connection error. Please make sure MongoDB is running. Error: querySrv ECONNREFUSED _mongodb._tcp.test.ct3433r.mongodb.net',
  level: 'error',
  timestamp: '2023-07-09T19:30:55.206Z'
}
{
  level: 'error',
  message: 'error',
  timestamp: '2023-07-09T19:31:17.367Z'
}
{
  message: 'MongoDB connection error. Please make sure MongoDB is running. Error: querySrv ECONNREFUSED _mongodb._tcp.test.ct3433r.mongodb.net',
  level: 'error',
  timestamp: '2023-07-09T19:31:22.109Z'
}
{
  level: 'error',
  message: 'error',
  timestamp: '2023-07-09T19:33:17.373Z'
}
{
  level: 'error',
  message: 'error',
  timestamp: '2023-07-09T19:34:06.459Z'
}
{
  level: 'error',
  message: 'error',
  timestamp: '2023-07-09T19:35:04.329Z'
}
{
  message: 'MongoDB connection error. Please make sure MongoDB is running. Error: querySrv ECONNREFUSED _mongodb._tcp.test.ct3433r.mongodb.net',
  level: 'error',
  timestamp: '2023-07-09T19:35:06.569Z'
}
{
  level: 'error',
  message: 'error',
  timestamp: '2023-07-09T19:40:04.207Z'
}
{
  level: 'error',
  message: 'error',
  timestamp: '2023-07-09T19:41:33.751Z'
}
{
  message: 'MongoDB connection error. Please make sure MongoDB is running. Error: querySrv ECONNREFUSED _mongodb._tcp.test.ct3433r.mongodb.net',
  level: 'error',
  timestamp: '2023-07-09T19:41:37.190Z'
}
{
  level: 'error',
  message: 'error',
  timestamp: '2023-07-09T19:43:08.543Z'
}
{
  level: 'error',
  message: 'error',
  timestamp: '2023-07-09T19:43:29.799Z'
}
{
  message: 'MongoDB connection error. Please make sure MongoDB is running. Error: querySrv ECONNREFUSED _mongodb._tcp.test.ct3433r.mongodb.net',
  level: 'error',
  timestamp: '2023-07-09T19:43:32.220Z'
}
{
  level: 'error',
  message: 'error',
  timestamp: '2023-07-09T19:47:25.644Z'
}
{
  message: 'MongoDB connection error. Please make sure MongoDB is running. Error: querySrv ECONNREFUSED _mongodb._tcp.test.ct3433r.mongodb.net',
  level: 'error',
  timestamp: '2023-07-09T19:47:29.329Z'
}
{
  level: 'error',
  message: 'error',
  timestamp: '2023-07-09T19:49:04.656Z'
}
{
  message: 'MongoDB connection error. Please make sure MongoDB is running. Error: querySrv ECONNREFUSED _mongodb._tcp.test.ct3433r.mongodb.net',
  level: 'error',
  timestamp: '2023-07-09T19:49:08.483Z'
}
{
  level: 'error',
  message: 'error',
  timestamp: '2023-07-09T19:53:15.072Z'
}
{
  level: 'error',
  message: 'error',
  timestamp: '2023-07-09T19:54:36.163Z'
}
{
  level: 'error',
  message: 'error',
  timestamp: '2023-07-09T19:55:06.590Z'
}
{
  message: 'MongoDB connection error. Please make sure MongoDB is running. Error: querySrv ECONNREFUSED _mongodb._tcp.test.ct3433r.mongodb.net',
  level: 'error',
  timestamp: '2023-07-09T19:55:10.818Z'
}
{
  level: 'error',
  message: 'error',
  timestamp: '2023-07-09T20:02:07.355Z'
}
{
  level: 'error',
  message: 'error',
  timestamp: '2023-07-10T08:18:39.157Z'
}
{
  message: 'MongoDB connection error. Please make sure MongoDB is running. Error: querySrv ECONNREFUSED _mongodb._tcp.test.ct3433r.mongodb.net',
  level: 'error',
  timestamp: '2023-07-10T08:18:40.738Z'
}
{
  level: 'error',
  message: 'error',
  timestamp: '2023-07-10T08:19:41.558Z'
}
{
  message: 'MongoDB connection error. Please make sure MongoDB is running. Error: querySrv ECONNREFUSED _mongodb._tcp.test.ct3433r.mongodb.net',
  level: 'error',
  timestamp: '2023-07-10T08:19:44.031Z'
}
{
  level: 'error',
  message: 'error',
  timestamp: '2023-07-10T08:19:59.948Z'
}
{
  message: 'MongoDB connection error. Please make sure MongoDB is running. Error: querySrv ECONNREFUSED _mongodb._tcp.test.ct3433r.mongodb.net',
  level: 'error',
  timestamp: '2023-07-10T08:20:02.436Z'
}
{
  level: 'error',
  message: 'error',
  timestamp: '2023-07-10T08:20:27.740Z'
}
{
  level: 'error',
  message: 'error',
  timestamp: '2023-07-10T08:20:45.857Z'
}
{
  message: 'MongoDB connection error. Please make sure MongoDB is running. Error: querySrv ECONNREFUSED _mongodb._tcp.test.ct3433r.mongodb.net',
  level: 'error',
  timestamp: '2023-07-10T08:20:49.273Z'
}
{
  level: 'error',
  message: 'error',
  timestamp: '2023-07-10T08:22:08.958Z'
}
{
  message: 'MongoDB connection error. Please make sure MongoDB is running. Error: querySrv ECONNREFUSED _mongodb._tcp.test.ct3433r.mongodb.net',
  level: 'error',
  timestamp: '2023-07-10T08:22:10.640Z'
}
{
  level: 'error',
  message: 'error',
  timestamp: '2023-07-10T08:22:18.081Z'
}
{
  level: 'error',
  message: 'error',
  timestamp: '2023-07-10T08:23:10.621Z'
}
{
  message: 'MongoDB connection error. Please make sure MongoDB is running. Error: querySrv ECONNREFUSED _mongodb._tcp.test.ct3433r.mongodb.net',
  level: 'error',
  timestamp: '2023-07-10T08:23:13.277Z'
}
{
  level: 'error',
  message: 'error',
  timestamp: '2023-07-10T08:23:21.648Z'
}
{
  level: 'error',
  message: 'error',
  timestamp: '2023-07-10T08:23:30.182Z'
}
{
  message: 'MongoDB connection error. Please make sure MongoDB is running. Error: querySrv ECONNREFUSED _mongodb._tcp.test.ct3433r.mongodb.net',
  level: 'error',
  timestamp: '2023-07-10T08:23:33.590Z'
}
{
  level: 'error',
  message: 'error',
  timestamp: '2023-07-10T08:23:37.319Z'
}
{
  level: 'error',
  message: 'error',
  timestamp: '2023-07-10T08:24:26.333Z'
}
{
  level: 'error',
  message: 'error',
  timestamp: '2023-07-10T08:25:16.500Z'
}
{
  level: 'error',
  message: 'error',
  timestamp: '2023-07-10T08:25:35.760Z'
}
{
  level: 'error',
  message: 'error',
  timestamp: '2023-07-10T08:25:43.299Z'
}
{
  level: 'error',
  message: 'error',
  timestamp: '2023-07-10T08:26:28.687Z'
}
{
  message: 'MongoDB connection error. Please make sure MongoDB is running. Error: querySrv ECONNREFUSED _mongodb._tcp.test.ct3433r.mongodb.net',
  level: 'error',
  timestamp: '2023-07-10T08:26:30.753Z'
}
{
  level: 'error',
  message: 'error',
  timestamp: '2023-07-10T08:26:49.930Z'
}
{
  message: 'MongoDB connection error. Please make sure MongoDB is running. Error: querySrv ECONNREFUSED _mongodb._tcp.test.ct3433r.mongodb.net',
  level: 'error',
  timestamp: '2023-07-10T08:26:54.085Z'
}
{
  level: 'error',
  message: 'error',
  timestamp: '2023-07-10T08:27:29.848Z'
}
{
  level: 'error',
  message: 'error',
  timestamp: '2023-07-10T08:29:04.060Z'
}
{
  level: 'error',
  message: 'error',
  timestamp: '2023-07-10T08:29:22.444Z'
}
{
  message: 'MongoDB connection error. Please make sure MongoDB is running. Error: querySrv ECONNREFUSED _mongodb._tcp.test.ct3433r.mongodb.net',
  level: 'error',
  timestamp: '2023-07-10T08:29:24.907Z'
}
{
  level: 'error',
  message: 'error',
  timestamp: '2023-07-10T08:30:23.688Z'
}
{
  message: 'MongoDB connection error. Please make sure MongoDB is running. Error: querySrv ECONNREFUSED _mongodb._tcp.test.ct3433r.mongodb.net',
  level: 'error',
  timestamp: '2023-07-10T08:30:27.703Z'
}
{
  level: 'error',
  message: 'error',
  timestamp: '2023-07-10T08:30:40.809Z'
}
{
  message: 'MongoDB connection error. Please make sure MongoDB is running. Error: querySrv ECONNREFUSED _mongodb._tcp.test.ct3433r.mongodb.net',
  level: 'error',
  timestamp: '2023-07-10T08:30:45.012Z'
}
{
  level: 'error',
  message: 'error',
  timestamp: '2023-07-10T08:31:29.842Z'
}
{
  message: 'MongoDB connection error. Please make sure MongoDB is running. Error: querySrv ECONNREFUSED _mongodb._tcp.test.ct3433r.mongodb.net',
  level: 'error',
  timestamp: '2023-07-10T08:31:32.488Z'
}
{
  level: 'error',
  message: 'error',
  timestamp: '2023-07-10T08:31:57.348Z'
}
{
  level: 'error',
  message: 'error',
  timestamp: '2023-07-10T08:34:32.174Z'
}
{
  message: 'MongoDB connection error. Please make sure MongoDB is running. Error: querySrv ECONNREFUSED _mongodb._tcp.test.ct3433r.mongodb.net',
  level: 'error',
  timestamp: '2023-07-10T08:34:34.986Z'
}
{
  level: 'error',
  message: 'error',
  timestamp: '2023-07-10T08:35:00.397Z'
}
{
  level: 'error',
  message: 'error',
  timestamp: '2023-07-10T08:35:44.047Z'
}
{
  level: 'error',
  message: 'error',
  timestamp: '2023-07-10T08:37:59.151Z'
}
{
  message: 'MongoDB connection error. Please make sure MongoDB is running. Error: querySrv ECONNREFUSED _mongodb._tcp.test.ct3433r.mongodb.net',
  level: 'error',
  timestamp: '2023-07-10T08:38:03.592Z'
}
{
  level: 'error',
  message: 'error',
  timestamp: '2023-07-10T08:40:03.620Z'
}
{
  message: 'MongoDB connection error. Please make sure MongoDB is running. Error: querySrv ECONNREFUSED _mongodb._tcp.test.ct3433r.mongodb.net',
  level: 'error',
  timestamp: '2023-07-10T08:40:05.440Z'
}
{
  level: 'error',
  message: 'error',
  timestamp: '2023-07-10T08:43:08.329Z'
}
{
  level: 'error',
  message: 'error',
  timestamp: '2023-07-10T08:44:22.175Z'
}
{
  level: 'error',
  message: 'error',
  timestamp: '2023-07-10T08:44:47.399Z'
}
{
  message: 'MongoDB connection error. Please make sure MongoDB is running. Error: querySrv ECONNREFUSED _mongodb._tcp.test.ct3433r.mongodb.net',
  level: 'error',
  timestamp: '2023-07-10T08:44:51.757Z'
}
{
  level: 'error',
  message: 'error',
  timestamp: '2023-07-10T08:45:25.581Z'
}
{
  level: 'error',
  message: 'error',
  timestamp: '2023-07-10T08:48:19.487Z'
}
{
  level: 'error',
  message: 'error',
  timestamp: '2023-07-10T08:49:28.190Z'
}
{
  message: 'MongoDB connection error. Please make sure MongoDB is running. Error: querySrv ECONNREFUSED _mongodb._tcp.test.ct3433r.mongodb.net',
  level: 'error',
  timestamp: '2023-07-10T08:49:31.133Z'
}
{
  level: 'error',
  message: 'error',
  timestamp: '2023-07-10T08:49:36.858Z'
}
{
  level: 'error',
  message: 'error',
  timestamp: '2023-07-10T08:49:47.929Z'
}
{
  message: 'MongoDB connection error. Please make sure MongoDB is running. Error: querySrv ECONNREFUSED _mongodb._tcp.test.ct3433r.mongodb.net',
  level: 'error',
  timestamp: '2023-07-10T08:49:51.362Z'
}
{
  level: 'error',
  message: 'error',
  timestamp: '2023-07-10T08:50:12.923Z'
}
{
  message: 'MongoDB connection error. Please make sure MongoDB is running. Error: querySrv ECONNREFUSED _mongodb._tcp.test.ct3433r.mongodb.net',
  level: 'error',
  timestamp: '2023-07-10T08:50:16.243Z'
}
{
  level: 'error',
  message: 'error',
  timestamp: '2023-07-10T08:52:39.445Z'
}
{
  message: 'MongoDB connection error. Please make sure MongoDB is running. Error: querySrv ECONNREFUSED _mongodb._tcp.test.ct3433r.mongodb.net',
  level: 'error',
  timestamp: '2023-07-10T08:52:41.761Z'
}
{
  level: 'error',
  message: 'error',
  timestamp: '2023-07-10T08:52:52.482Z'
}
{
  message: 'MongoDB connection error. Please make sure MongoDB is running. Error: querySrv ECONNREFUSED _mongodb._tcp.test.ct3433r.mongodb.net',
  level: 'error',
  timestamp: '2023-07-10T08:52:55.145Z'
}
{
  level: 'error',
  message: 'error',
  timestamp: '2023-07-10T08:53:31.941Z'
}
{
  message: 'MongoDB connection error. Please make sure MongoDB is running. Error: querySrv ECONNREFUSED _mongodb._tcp.test.ct3433r.mongodb.net',
  level: 'error',
  timestamp: '2023-07-10T08:53:34.747Z'
}
{
  level: 'error',
  message: 'error',
  timestamp: '2023-07-10T08:54:27.356Z'
}
{
  level: 'error',
  message: 'error',
  timestamp: '2023-07-10T08:54:40.320Z'
}
{
  message: 'MongoDB connection error. Please make sure MongoDB is running. Error: querySrv ECONNREFUSED _mongodb._tcp.test.ct3433r.mongodb.net',
  level: 'error',
  timestamp: '2023-07-10T08:54:42.303Z'
}
{
  level: 'error',
  message: 'error',
  timestamp: '2023-07-10T08:56:59.264Z'
}
{
  level: 'error',
  message: 'error',
  timestamp: '2023-07-10T09:04:13.477Z'
}
{
  level: 'error',
  message: 'error',
  timestamp: '2023-07-10T09:05:03.392Z'
}
{
  level: 'error',
  message: 'error',
  timestamp: '2023-07-10T09:05:42.677Z'
}
{
  level: 'error',
  message: 'error',
  timestamp: '2023-07-10T09:05:58.983Z'
}
{
  level: 'error',
  message: 'error',
  timestamp: '2023-07-10T09:06:16.695Z'
}
{
  level: 'error',
  message: 'error',
  timestamp: '2023-07-10T09:08:27.885Z'
}
{
  level: 'error',
  message: 'error',
  timestamp: '2023-07-10T09:08:46.080Z'
}
{
  level: 'error',
  message: 'error',
  timestamp: '2023-07-10T09:09:22.013Z'
}
{
  level: 'error',
  message: 'error',
  timestamp: '2023-07-10T09:09:44.460Z'
}
{
  level: 'error',
  message: 'error',
  timestamp: '2023-07-10T09:10:02.912Z'
}
{
  level: 'error',
  message: 'error',
  timestamp: '2023-07-10T09:10:38.940Z'
}
{
  level: 'error',
  message: 'error',
  timestamp: '2023-07-10T09:10:58.368Z'
}
{
  level: 'error',
  message: 'error',
  timestamp: '2023-07-10T09:11:05.757Z'
}
{
  level: 'error',
  message: 'error',
  timestamp: '2023-07-10T09:11:29.287Z'
}
{
  level: 'error',
  message: 'error',
  timestamp: '2023-07-10T09:13:05.001Z'
}
{
  message: "MongoDB connection error. Please make sure MongoDB is running. MongooseServerSelectionError: Could not connect to any servers in your MongoDB Atlas cluster. One common reason is that you're trying to access the database from an IP that isn't whitelisted. Make sure your current IP address is on your Atlas cluster's IP whitelist: https://www.mongodb.com/docs/atlas/security-whitelist/",
  level: 'error',
  timestamp: '2023-07-10T09:13:38.783Z'
}
{
  level: 'error',
  message: 'error',
  timestamp: '2023-07-10T09:13:53.894Z'
}
{
  message: 'MongoDB connection error. Please make sure MongoDB is running. Error: querySrv ECONNREFUSED _mongodb._tcp.test.ct3433r.mongodb.net',
  level: 'error',
  timestamp: '2023-07-10T09:13:56.593Z'
}
{
  level: 'error',
  message: 'error',
  timestamp: '2023-07-10T09:14:05.981Z'
}
{
  message: 'MongoDB connection error. Please make sure MongoDB is running. Error: querySrv ECONNREFUSED _mongodb._tcp.test.ct3433r.mongodb.net',
  level: 'error',
  timestamp: '2023-07-10T09:14:09.672Z'
}
{
  level: 'error',
  message: 'error',
  timestamp: '2023-07-10T09:14:13.105Z'
}
{
  level: 'error',
  message: 'error',
  timestamp: '2023-07-10T09:14:33.871Z'
}
{
  message: 'MongoDB connection error. Please make sure MongoDB is running. Error: querySrv ECONNREFUSED _mongodb._tcp.test.ct3433r.mongodb.net',
  level: 'error',
  timestamp: '2023-07-10T09:14:36.061Z'
}
{
  level: 'error',
  message: 'error',
  timestamp: '2023-07-10T09:14:45.972Z'
}
{
  level: 'error',
  message: 'error',
  timestamp: '2023-07-10T09:15:16.778Z'
}
{
  level: 'error',
  message: 'error',
  timestamp: '2023-07-10T09:24:15.603Z'
}
{
  level: 'error',
  message: 'error',
  timestamp: '2023-07-10T09:25:51.966Z'
}
{
  level: 'error',
  message: 'error',
  timestamp: '2023-07-10T09:26:42.952Z'
}
{
  message: 'MongoDB connection error. Please make sure MongoDB is running. Error: querySrv ECONNREFUSED _mongodb._tcp.test.ct3433r.mongodb.net',
  level: 'error',
  timestamp: '2023-07-10T09:26:46.473Z'
}
{
  level: 'error',
  message: 'error',
  timestamp: '2023-07-10T09:26:57.189Z'
}
{
  message: 'MongoDB connection error. Please make sure MongoDB is running. Error: querySrv ECONNREFUSED _mongodb._tcp.test.ct3433r.mongodb.net',
  level: 'error',
  timestamp: '2023-07-10T09:26:59.789Z'
}
{
  level: 'error',
  message: 'error',
  timestamp: '2023-07-10T09:28:39.446Z'
}
{
  level: 'error',
  message: 'error',
  timestamp: '2023-07-10T09:29:02.662Z'
}
{
  level: 'error',
  message: 'error',
  timestamp: '2023-07-10T09:30:51.285Z'
}
{
  message: 'MongoDB connection error. Please make sure MongoDB is running. Error: querySrv ECONNREFUSED _mongodb._tcp.test.ct3433r.mongodb.net',
  level: 'error',
  timestamp: '2023-07-10T09:30:53.444Z'
}
{
  level: 'error',
  message: 'error',
  timestamp: '2023-07-10T09:38:55.130Z'
}
{
  message: 'MongoDB connection error. Please make sure MongoDB is running. Error: querySrv ECONNREFUSED _mongodb._tcp.test.ct3433r.mongodb.net',
  level: 'error',
  timestamp: '2023-07-10T09:38:57.921Z'
}
{
  level: 'error',
  message: 'error',
  timestamp: '2023-07-10T09:41:16.274Z'
}
{
  level: 'error',
  message: 'error',
  timestamp: '2023-07-10T09:42:10.056Z'
}
{
  level: 'error',
  message: 'error',
  timestamp: '2023-07-10T09:42:21.584Z'
}
{
  message: 'MongoDB connection error. Please make sure MongoDB is running. Error: querySrv ECONNREFUSED _mongodb._tcp.test.ct3433r.mongodb.net',
  level: 'error',
  timestamp: '2023-07-10T09:42:24.678Z'
}
{
  level: 'error',
  message: 'error',
  timestamp: '2023-07-10T09:43:03.772Z'
}
{
  level: 'error',
  message: 'error',
  timestamp: '2023-07-10T09:43:27.145Z'
}
{
  message: 'MongoDB connection error. Please make sure MongoDB is running. Error: querySrv ECONNREFUSED _mongodb._tcp.test.ct3433r.mongodb.net',
  level: 'error',
  timestamp: '2023-07-10T09:43:30.465Z'
}
{
  level: 'error',
  message: 'error',
  timestamp: '2023-07-10T09:44:16.460Z'
}
{
  level: 'error',
  message: 'error',
  timestamp: '2023-07-10T09:45:11.275Z'
}
{
  level: 'error',
  message: 'error',
  timestamp: '2023-07-10T09:46:12.405Z'
}
{
  message: 'MongoDB connection error. Please make sure MongoDB is running. Error: querySrv ECONNREFUSED _mongodb._tcp.test.ct3433r.mongodb.net',
  level: 'error',
  timestamp: '2023-07-10T09:46:14.226Z'
}
{
  level: 'error',
  message: 'error',
  timestamp: '2023-07-10T09:46:55.822Z'
}
{
  level: 'error',
  message: 'error',
  timestamp: '2023-07-10T09:48:24.686Z'
}
{
  message: 'MongoDB connection error. Please make sure MongoDB is running. Error: querySrv ECONNREFUSED _mongodb._tcp.test.ct3433r.mongodb.net',
  level: 'error',
  timestamp: '2023-07-10T09:48:26.540Z'
}
{
  level: 'error',
  message: 'error',
  timestamp: '2023-07-10T09:52:38.613Z'
}
{
  message: 'MongoDB connection error. Please make sure MongoDB is running. Error: querySrv ECONNREFUSED _mongodb._tcp.test.ct3433r.mongodb.net',
  level: 'error',
  timestamp: '2023-07-10T09:52:44.465Z'
}
{
  level: 'error',
  message: 'error',
  timestamp: '2023-07-10T09:52:50.446Z'
}
{
  message: 'MongoDB connection error. Please make sure MongoDB is running. Error: querySrv ECONNREFUSED _mongodb._tcp.test.ct3433r.mongodb.net',
  level: 'error',
  timestamp: '2023-07-10T09:52:56.055Z'
}
{
  level: 'error',
  message: 'error',
  timestamp: '2023-07-10T09:53:49.195Z'
}
{
  message: 'MongoDB connection error. Please make sure MongoDB is running. Error: querySrv ECONNREFUSED _mongodb._tcp.test.ct3433r.mongodb.net',
  level: 'error',
  timestamp: '2023-07-10T09:54:01.917Z'
}
{
  level: 'error',
  message: 'error',
  timestamp: '2023-07-10T09:55:07.106Z'
}
{
  message: 'MongoDB connection error. Please make sure MongoDB is running. Error: querySrv ECONNREFUSED _mongodb._tcp.test.ct3433r.mongodb.net',
  level: 'error',
  timestamp: '2023-07-10T09:55:11.874Z'
}
{
  level: 'error',
  message: 'error',
  timestamp: '2023-07-10T09:57:14.213Z'
}
{
  message: 'MongoDB connection error. Please make sure MongoDB is running. Error: querySrv ECONNREFUSED _mongodb._tcp.test.ct3433r.mongodb.net',
  level: 'error',
  timestamp: '2023-07-10T09:57:16.712Z'
}
{
  level: 'error',
  message: 'error',
  timestamp: '2023-07-10T09:58:11.847Z'
}
{
  message: 'MongoDB connection error. Please make sure MongoDB is running. Error: querySrv ECONNREFUSED _mongodb._tcp.test.ct3433r.mongodb.net',
  level: 'error',
  timestamp: '2023-07-10T09:58:18.251Z'
}
{
  level: 'error',
  message: 'error',
  timestamp: '2023-07-10T09:58:27.293Z'
}
{
  message: 'MongoDB connection error. Please make sure MongoDB is running. Error: querySrv ECONNREFUSED _mongodb._tcp.test.ct3433r.mongodb.net',
  level: 'error',
  timestamp: '2023-07-10T09:58:30.136Z'
}
{
  level: 'error',
  message: 'error',
  timestamp: '2023-07-10T09:58:51.826Z'
}
{
  message: 'MongoDB connection error. Please make sure MongoDB is running. Error: querySrv ECONNREFUSED _mongodb._tcp.test.ct3433r.mongodb.net',
  level: 'error',
  timestamp: '2023-07-10T09:58:54.105Z'
}
{
  level: 'error',
  message: 'error',
  timestamp: '2023-07-10T10:01:05.995Z'
}
{
  message: 'MongoDB connection error. Please make sure MongoDB is running. Error: querySrv ECONNREFUSED _mongodb._tcp.test.ct3433r.mongodb.net',
  level: 'error',
  timestamp: '2023-07-10T10:01:09.380Z'
}
{
  level: 'error',
  message: 'error',
  timestamp: '2023-07-10T10:02:06.252Z'
}
{
  message: 'MongoDB connection error. Please make sure MongoDB is running. Error: querySrv ECONNREFUSED _mongodb._tcp.test.ct3433r.mongodb.net',
  level: 'error',
  timestamp: '2023-07-10T10:02:11.466Z'
}
{
  level: 'error',
  message: 'error',
  timestamp: '2023-07-10T10:04:04.428Z'
}
{
  message: 'MongoDB connection error. Please make sure MongoDB is running. Error: querySrv ECONNREFUSED _mongodb._tcp.test.ct3433r.mongodb.net',
  level: 'error',
  timestamp: '2023-07-10T10:04:07.254Z'
}
{
  level: 'error',
  message: 'error',
  timestamp: '2023-07-10T10:04:50.422Z'
}
{
  message: 'MongoDB connection error. Please make sure MongoDB is running. Error: querySrv ECONNREFUSED _mongodb._tcp.test.ct3433r.mongodb.net',
  level: 'error',
  timestamp: '2023-07-10T10:04:53.510Z'
}
{
  level: 'error',
  message: 'error',
  timestamp: '2023-07-10T10:05:11.763Z'
}
{
  level: 'error',
  message: 'error',
  timestamp: '2023-07-10T10:06:38.749Z'
}
{
  message: 'MongoDB connection error. Please make sure MongoDB is running. Error: querySrv ECONNREFUSED _mongodb._tcp.test.ct3433r.mongodb.net',
  level: 'error',
  timestamp: '2023-07-10T10:06:41.623Z'
}
{
  level: 'error',
  message: 'error',
  timestamp: '2023-07-10T10:07:28.037Z'
}
{
  message: 'MongoDB connection error. Please make sure MongoDB is running. Error: querySrv ECONNREFUSED _mongodb._tcp.test.ct3433r.mongodb.net',
  level: 'error',
  timestamp: '2023-07-10T10:07:32.096Z'
}
{
  level: 'error',
  message: 'error',
  timestamp: '2023-07-10T10:07:51.676Z'
}
{
  message: 'MongoDB connection error. Please make sure MongoDB is running. Error: querySrv ECONNREFUSED _mongodb._tcp.test.ct3433r.mongodb.net',
  level: 'error',
  timestamp: '2023-07-10T10:07:56.646Z'
}
{
  level: 'error',
  message: 'error',
  timestamp: '2023-07-10T10:08:42.180Z'
}
{
  level: 'error',
  message: 'error',
  timestamp: '2023-07-10T10:09:24.375Z'
}
{
  message: 'MongoDB connection error. Please make sure MongoDB is running. Error: querySrv ECONNREFUSED _mongodb._tcp.test.ct3433r.mongodb.net',
  level: 'error',
  timestamp: '2023-07-10T10:09:31.132Z'
}
{
  level: 'error',
  message: 'error',
  timestamp: '2023-07-10T10:09:38.366Z'
}
{
  message: 'MongoDB connection error. Please make sure MongoDB is running. Error: querySrv ECONNREFUSED _mongodb._tcp.test.ct3433r.mongodb.net',
  level: 'error',
  timestamp: '2023-07-10T10:09:46.863Z'
}
{
  level: 'error',
  message: 'error',
  timestamp: '2023-07-10T10:09:53.361Z'
}
{
  message: 'MongoDB connection error. Please make sure MongoDB is running. Error: querySrv ECONNREFUSED _mongodb._tcp.test.ct3433r.mongodb.net',
  level: 'error',
  timestamp: '2023-07-10T10:09:57.756Z'
}
{
  level: 'error',
  message: 'error',
  timestamp: '2023-07-10T10:10:18.257Z'
}
{
  level: 'error',
  message: 'error',
  timestamp: '2023-07-10T10:11:10.814Z'
}
{
  message: 'MongoDB connection error. Please make sure MongoDB is running. Error: querySrv ECONNREFUSED _mongodb._tcp.test.ct3433r.mongodb.net',
  level: 'error',
  timestamp: '2023-07-10T10:11:16.653Z'
}
{
  level: 'error',
  message: 'error',
  timestamp: '2023-07-10T10:12:50.458Z'
}
{
  message: 'MongoDB connection error. Please make sure MongoDB is running. Error: querySrv ECONNREFUSED _mongodb._tcp.test.ct3433r.mongodb.net',
  level: 'error',
  timestamp: '2023-07-10T10:12:54.310Z'
}
{
  level: 'error',
  message: 'error',
  timestamp: '2023-07-10T10:14:01.056Z'
}
{
  level: 'error',
  message: 'error',
  timestamp: '2023-07-10T10:14:13.303Z'
}
{
  message: 'MongoDB connection error. Please make sure MongoDB is running. Error: querySrv ECONNREFUSED _mongodb._tcp.test.ct3433r.mongodb.net',
  level: 'error',
  timestamp: '2023-07-10T10:14:19.849Z'
}
{
  level: 'error',
  message: 'error',
  timestamp: '2023-07-10T10:14:46.966Z'
}
{
  message: 'MongoDB connection error. Please make sure MongoDB is running. Error: querySrv ECONNREFUSED _mongodb._tcp.test.ct3433r.mongodb.net',
  level: 'error',
  timestamp: '2023-07-10T10:14:56.608Z'
}
{
  level: 'error',
  message: 'error',
  timestamp: '2023-07-10T10:15:01.972Z'
}
{
  level: 'error',
  message: 'error',
  timestamp: '2023-07-10T10:17:08.341Z'
}
{
  level: 'error',
  message: 'error',
  timestamp: '2023-07-10T10:19:26.538Z'
}
{
  message: 'MongoDB connection error. Please make sure MongoDB is running. Error: querySrv ECONNREFUSED _mongodb._tcp.test.ct3433r.mongodb.net',
  level: 'error',
  timestamp: '2023-07-10T10:19:30.661Z'
}
{
  level: 'error',
  message: 'error',
  timestamp: '2023-07-10T10:23:44.757Z'
}
{
  message: 'MongoDB connection error. Please make sure MongoDB is running. Error: querySrv ECONNREFUSED _mongodb._tcp.test.ct3433r.mongodb.net',
  level: 'error',
  timestamp: '2023-07-10T10:23:48.422Z'
}
{
  level: 'error',
  message: 'error',
  timestamp: '2023-07-10T10:24:56.473Z'
}
{
  message: 'MongoDB connection error. Please make sure MongoDB is running. Error: querySrv ECONNREFUSED _mongodb._tcp.test.ct3433r.mongodb.net',
  level: 'error',
  timestamp: '2023-07-10T10:25:01.045Z'
}
{
  level: 'error',
  message: 'error',
  timestamp: '2023-07-10T10:25:54.257Z'
}
{
  message: 'MongoDB connection error. Please make sure MongoDB is running. Error: querySrv ECONNREFUSED _mongodb._tcp.test.ct3433r.mongodb.net',
  level: 'error',
  timestamp: '2023-07-10T10:26:01.950Z'
}
{
  level: 'error',
  message: 'error',
  timestamp: '2023-07-10T10:26:08.408Z'
}
